<?xml version="1.0" encoding="UTF-8"?>
<testsuites name="simple_app" tests="7" time="0.087">
  <testsuite name="create_user / Create user" id="6b600921-cb04-4c83-b65e-ea49f2cb4641" timestamp="2025-05-02T11:57:40.616Z" tests="4" failures="3" errors="0" time="0.012">
    <testcase name="[Valid inputs] Status is 201" time="0.008" classname="CreateUserCreateUser"/>
    <testcase name="[Valid inputs] Matches schema createUserSuccess" time="0.008" classname="CreateUserCreateUser"/>
    <testcase name="[Invalid method] Status is 405" time="0.008" classname="CreateUserCreateUser"/>
    <testcase name="[Invalid method] Matches schema errorResponse" time="0.008" classname="CreateUserCreateUser">
      <failure type="AssertionFailure" message="expected data to satisfy schema but found following errors: &#xA;data should have required property 'message', data should have required property 'error_code'">
        <![CDATA[Failed 1 times.]]>
        <![CDATA[Collection JSON ID: 44aa140e-c850-4684-8d58-075c54309881.]]>
        <![CDATA[Collection name: simple_app.]]>
        <![CDATA[Request name: create_user / Create user.]]>
        <![CDATA[Test description: [Invalid method] Matches schema errorResponse.]]>
        <![CDATA[Error message: expected data to satisfy schema but found following errors: 
data should have required property 'message', data should have required property 'error_code'.]]>
        <![CDATA[Stacktrace: AssertionError: expected data to satisfy schema but found following errors: 
data should have required property 'message', data should have required property 'error_code'
   at Object.eval sandbox-script.js:2:1).]]>
      </failure>
    </testcase>
    <testcase name="[Invalid method] message == Method Not Allowed" time="0.008" classname="CreateUserCreateUser">
      <failure type="AssertionFailure" message="expected undefined to deeply equal 'Method Not Allowed'">
        <![CDATA[Failed 1 times.]]>
        <![CDATA[Collection JSON ID: 44aa140e-c850-4684-8d58-075c54309881.]]>
        <![CDATA[Collection name: simple_app.]]>
        <![CDATA[Request name: create_user / Create user.]]>
        <![CDATA[Test description: [Invalid method] message == Method Not Allowed.]]>
        <![CDATA[Error message: expected undefined to deeply equal 'Method Not Allowed'.]]>
        <![CDATA[Stacktrace: AssertionError: expected undefined to deeply equal 'Method Not Allowed'
   at Object.eval sandbox-script.js:3:1).]]>
      </failure>
    </testcase>
    <testcase name="[Invalid method] error_code == 105" time="0.008" classname="CreateUserCreateUser">
      <failure type="AssertionFailure" message="expected undefined to deeply equal 105">
        <![CDATA[Failed 1 times.]]>
        <![CDATA[Collection JSON ID: 44aa140e-c850-4684-8d58-075c54309881.]]>
        <![CDATA[Collection name: simple_app.]]>
        <![CDATA[Request name: create_user / Create user.]]>
        <![CDATA[Test description: [Invalid method] error_code == 105.]]>
        <![CDATA[Error message: expected undefined to deeply equal 105.]]>
        <![CDATA[Stacktrace: AssertionError: expected undefined to deeply equal 105
   at Object.eval sandbox-script.js:4:1).]]>
      </failure>
    </testcase>
    <testcase name="[Empty full_name] Status is 400" time="0.008" classname="CreateUserCreateUser"/>
    <testcase name="[Empty full_name] Matches schema errorResponse" time="0.008" classname="CreateUserCreateUser"/>
    <testcase name="[Empty full_name] message == Invalid request" time="0.008" classname="CreateUserCreateUser"/>
    <testcase name="[Empty full_name] error_code == 102" time="0.008" classname="CreateUserCreateUser"/>
    <testcase name="[Absent full_name] Status is 400" time="0.008" classname="CreateUserCreateUser"/>
    <testcase name="[Absent full_name] Matches schema errorResponse" time="0.008" classname="CreateUserCreateUser"/>
    <testcase name="[Absent full_name] message == Invalid request" time="0.008" classname="CreateUserCreateUser"/>
    <testcase name="[Absent full_name] error_code == 102" time="0.008" classname="CreateUserCreateUser"/>
    <testcase name="[Absent customer] Status is 400" time="0.008" classname="CreateUserCreateUser"/>
    <testcase name="[Absent customer] Matches schema errorResponse" time="0.008" classname="CreateUserCreateUser"/>
    <testcase name="[Absent customer] message == Invalid request" time="0.008" classname="CreateUserCreateUser"/>
    <testcase name="[Absent customer] error_code == 102" time="0.008" classname="CreateUserCreateUser"/>
    <testcase name="[No x-api-key header] Status is 401" time="0.008" classname="CreateUserCreateUser"/>
    <testcase name="[No x-api-key header] Matches schema errorResponse" time="0.008" classname="CreateUserCreateUser"/>
    <testcase name="[No x-api-key header] message == Missing x-api-key header" time="0.008" classname="CreateUserCreateUser"/>
    <testcase name="[No x-api-key header] error_code == 101" time="0.008" classname="CreateUserCreateUser"/>
    <testcase name="[Invalid x-api-key header] Status is 401" time="0.008" classname="CreateUserCreateUser"/>
    <testcase name="[Invalid x-api-key header] Matches schema errorResponse" time="0.008" classname="CreateUserCreateUser"/>
    <testcase name="[Invalid x-api-key header] message == Invalid x-api-key header" time="0.008" classname="CreateUserCreateUser"/>
    <testcase name="[Invalid x-api-key header] error_code == 101" time="0.008" classname="CreateUserCreateUser"/>
  </testsuite>
</testsuites>